2012-11-19 16:25:28,130 [Worker-5] INFO  o.e.m.c.i.i.nexus.NexusIndexManager - Updating index for repository: central|http://repo.maven.apache.org/maven2
2012-11-19 16:25:28,176 [Worker-5] INFO  c.n.h.c.p.n.NettyAsyncHttpProvider - Number of application's worked threads is 16
2012-11-19 16:25:29,222 [Worker-9] INFO  o.e.m.c.i.l.LifecycleMappingFactory - Using org.eclipse.m2e.jdt.JarLifecycleMapping lifecycle mapping for MavenProject: org.ow2.mind:adl-backend-static:2.0-alpha2-SNAPSHOT @ F:\Seyvoz\mergesbx\Optim-GitHub\finalmerge\Optimization-Backend\adl-backend-static\pom.xml.
2012-11-19 16:25:29,955 [Worker-5] INFO  o.e.m.c.i.i.nexus.NexusIndexManager - Updated index for repository: central|http://repo.maven.apache.org/maven2 in 1825 ms
2012-11-19 16:25:30,501 [Worker-9] INFO  o.e.m.c.i.embedder.EclipseLogger - Using 'UTF-8' encoding to copy filtered resources.
2012-11-19 16:25:30,516 [Worker-9] INFO  o.e.m.c.i.embedder.EclipseLogger - Copying 21 resources
2012-11-19 16:25:30,532 [Worker-9] INFO  o.e.m.c.i.embedder.EclipseLogger - Using 'UTF-8' encoding to copy filtered resources.
2012-11-19 16:25:30,610 [Worker-9] INFO  o.e.m.c.i.embedder.EclipseLogger - Copying 182 resources
2012-11-19 16:25:31,109 [Worker-0] INFO  o.e.m.c.i.l.LifecycleMappingFactory - Using org.eclipse.m2e.jdt.JarLifecycleMapping lifecycle mapping for MavenProject: org.ow2.mind:adl-backend-static:2.0-alpha2-SNAPSHOT @ F:\Seyvoz\mergesbx\Optim-GitHub\finalmerge\Optimization-Backend\adl-backend-static\pom.xml.
2012-11-19 16:25:31,374 [Worker-0] INFO  o.e.m.c.i.l.LifecycleMappingFactory - Using org.eclipse.m2e.jdt.JarLifecycleMapping lifecycle mapping for MavenProject: org.ow2.mind:adl-frontend-static:2.0-alpha2-SNAPSHOT @ F:\Seyvoz\mergesbx\Optim-GitHub\finalmerge\Optimization-Backend\adl-frontend-static\pom.xml.
2012-11-19 16:25:31,577 [Worker-0] INFO  o.e.m.c.i.l.LifecycleMappingFactory - Using org.eclipse.m2e.jdt.JarLifecycleMapping lifecycle mapping for MavenProject: org.ow2.mind:adl-frontend-static:2.0-alpha2-SNAPSHOT @ F:\Seyvoz\mergesbx\Optim-GitHub\finalmerge\Optimization-Backend\adl-frontend-static\pom.xml.
2012-11-19 16:25:31,749 [Worker-0] INFO  o.e.m.c.i.l.LifecycleMappingFactory - Using org.eclipse.m2e.jdt.JarLifecycleMapping lifecycle mapping for MavenProject: org.ow2.mind:adl-backend-static:2.0-alpha2-SNAPSHOT @ F:\Seyvoz\mergesbx\Optim-GitHub\finalmerge\Optimization-Backend\adl-backend-static\pom.xml.
2012-11-19 16:25:32,061 [Worker-8] INFO  o.e.m.c.i.embedder.EclipseLogger - Using 'UTF-8' encoding to copy filtered resources.
2012-11-19 16:25:32,061 [Worker-8] INFO  o.e.m.c.i.embedder.EclipseLogger - Copying 21 resources
2012-11-19 16:25:32,092 [Worker-8] INFO  o.e.m.c.i.embedder.EclipseLogger - Using 'UTF-8' encoding to copy filtered resources.
2012-11-19 16:25:32,108 [Worker-8] INFO  o.e.m.c.i.embedder.EclipseLogger - Copying 182 resources
2012-11-19 16:25:32,482 [Worker-8] INFO  o.e.m.c.i.l.LifecycleMappingFactory - Using org.eclipse.m2e.jdt.JarLifecycleMapping lifecycle mapping for MavenProject: org.ow2.mind:adl-frontend-static:2.0-alpha2-SNAPSHOT @ F:\Seyvoz\mergesbx\Optim-GitHub\finalmerge\Optimization-Backend\adl-frontend-static\pom.xml.
2012-11-19 16:25:32,654 [Worker-8] INFO  o.e.m.c.i.l.LifecycleMappingFactory - Using org.eclipse.m2e.jdt.JarLifecycleMapping lifecycle mapping for MavenProject: org.ow2.mind:adl-backend-static:2.0-alpha2-SNAPSHOT @ F:\Seyvoz\mergesbx\Optim-GitHub\finalmerge\Optimization-Backend\adl-backend-static\pom.xml.
2012-11-19 16:25:32,950 [Worker-8] INFO  o.e.m.c.i.embedder.EclipseLogger - Using 'UTF-8' encoding to copy filtered resources.
2012-11-19 16:25:32,950 [Worker-8] INFO  o.e.m.c.i.embedder.EclipseLogger - Copying 1 resource
2012-11-19 16:25:32,950 [Worker-8] INFO  o.e.m.c.i.embedder.EclipseLogger - Using 'UTF-8' encoding to copy filtered resources.
2012-11-19 16:25:32,950 [Worker-8] INFO  o.e.m.c.i.embedder.EclipseLogger - skip non existing resourceDirectory F:\Seyvoz\mergesbx\Optim-GitHub\finalmerge\Optimization-Backend\adl-frontend-static\src\test\resources
2012-11-19 16:25:34,073 [Worker-0] INFO  o.e.m.c.i.l.LifecycleMappingFactory - Using org.eclipse.m2e.jdt.JarLifecycleMapping lifecycle mapping for MavenProject: org.ow2.mind:adl-backend-static:2.0-alpha2-SNAPSHOT @ F:\Seyvoz\mergesbx\Optim-GitHub\finalmerge\Optimization-Backend\adl-backend-static\pom.xml.
2012-11-19 16:25:34,198 [Worker-0] INFO  o.e.m.c.i.l.LifecycleMappingFactory - Using org.eclipse.m2e.jdt.JarLifecycleMapping lifecycle mapping for MavenProject: org.ow2.mind:adl-frontend-static:2.0-alpha2-SNAPSHOT @ F:\Seyvoz\mergesbx\Optim-GitHub\finalmerge\Optimization-Backend\adl-frontend-static\pom.xml.
2012-11-19 16:25:34,260 [Worker-7] INFO  o.e.m.c.i.embedder.EclipseLogger - Using 'UTF-8' encoding to copy filtered resources.
2012-11-19 16:25:34,260 [Worker-7] INFO  o.e.m.c.i.embedder.EclipseLogger - Copying 21 resources
2012-11-19 16:25:34,260 [Worker-7] INFO  o.e.m.c.i.embedder.EclipseLogger - Using 'UTF-8' encoding to copy filtered resources.
2012-11-19 16:25:34,276 [Worker-7] INFO  o.e.m.c.i.embedder.EclipseLogger - Copying 182 resources
2012-11-19 16:25:34,307 [Worker-0] INFO  o.e.m.c.i.l.LifecycleMappingFactory - Using org.eclipse.m2e.jdt.JarLifecycleMapping lifecycle mapping for MavenProject: org.ow2.mind:adl-frontend-static:2.0-alpha2-SNAPSHOT @ F:\Seyvoz\mergesbx\Optim-GitHub\finalmerge\Optimization-Backend\adl-frontend-static\pom.xml.
2012-11-19 16:25:34,416 [Worker-0] INFO  o.e.m.c.i.l.LifecycleMappingFactory - Using org.eclipse.m2e.jdt.JarLifecycleMapping lifecycle mapping for MavenProject: org.ow2.mind:adl-backend-static:2.0-alpha2-SNAPSHOT @ F:\Seyvoz\mergesbx\Optim-GitHub\finalmerge\Optimization-Backend\adl-backend-static\pom.xml.
2012-11-19 16:25:35,399 [Worker-8] INFO  o.e.m.c.i.embedder.EclipseLogger - Using 'UTF-8' encoding to copy filtered resources.
2012-11-19 16:25:35,399 [Worker-8] INFO  o.e.m.c.i.embedder.EclipseLogger - Copying 1 resource
2012-11-19 16:25:35,399 [Worker-8] INFO  o.e.m.c.i.embedder.EclipseLogger - Using 'UTF-8' encoding to copy filtered resources.
2012-11-19 16:25:35,399 [Worker-8] INFO  o.e.m.c.i.embedder.EclipseLogger - skip non existing resourceDirectory F:\Seyvoz\mergesbx\Optim-GitHub\finalmerge\Optimization-Backend\adl-frontend-static\src\test\resources
2012-11-19 16:25:35,430 [Worker-8] INFO  o.e.m.c.i.embedder.EclipseLogger - Using 'UTF-8' encoding to copy filtered resources.
2012-11-19 16:25:35,430 [Worker-8] INFO  o.e.m.c.i.embedder.EclipseLogger - Copying 21 resources
2012-11-19 16:25:35,430 [Worker-8] INFO  o.e.m.c.i.embedder.EclipseLogger - Using 'UTF-8' encoding to copy filtered resources.
2012-11-19 16:25:35,430 [Worker-8] INFO  o.e.m.c.i.embedder.EclipseLogger - Copying 0 resource
